<?xml version="1.0" encoding="UTF-8"?>
<testng-results ignored="0" total="3" passed="0" failed="3" skipped="0">
  <reporter-output>
  </reporter-output>
  <suite started-at="2024-02-29T00:51:05 IST" name="Suite" finished-at="2024-02-29T00:51:13 IST" duration-ms="7539">
    <groups>
      <group name="cucumber">
        <method signature="AbstractTestNGCucumberTests.runScenario(io.cucumber.testng.PickleWrapper,io.cucumber.testng.FeatureWrapper)[pri:0, instance:runner.TestngRunner@4bdeaabb]" name="runScenario" class="io.cucumber.testng.AbstractTestNGCucumberTests"/>
      </group> <!-- cucumber -->
    </groups>
    <test started-at="2024-02-29T00:51:05 IST" name="Submit Order Test" finished-at="2024-02-29T00:51:13 IST" duration-ms="7539">
      <class name="runner.TestngRunner">
        <test-method is-config="true" signature="setUpClass(org.testng.ITestContext)[pri:0, instance:runner.TestngRunner@4bdeaabb]" started-at="2024-02-29T00:51:05 IST" name="setUpClass" finished-at="2024-02-29T00:51:06 IST" duration-ms="732" status="PASS">
          <params>
            <param index="0">
              <value>
                <![CDATA[org.testng.TestRunner@24105dc5]]>
              </value>
            </param>
          </params>
          <reporter-output>
          </reporter-output>
        </test-method> <!-- setUpClass -->
        <test-method signature="runScenario(io.cucumber.testng.PickleWrapper,io.cucumber.testng.FeatureWrapper)[pri:0, instance:runner.TestngRunner@4bdeaabb]" started-at="2024-02-29T00:51:06 IST" name="runScenario" description="Runs Cucumber Scenarios" data-provider="scenarios" finished-at="2024-02-29T00:51:09 IST" duration-ms="2895" status="FAIL">
          <params>
            <param index="0">
              <value>
                <![CDATA["Invalid/lockedout login credentials"]]>
              </value>
            </param>
            <param index="1">
              <value>
                <![CDATA["Error validation in sauce demo ecommerce website"]]>
              </value>
            </param>
          </params>
          <exception class="java.lang.NullPointerException">
            <message>
              <![CDATA[Cannot invoke "AutomationProject.pageobjects.LandingPage.goTo()" because "this.landingpage" is null]]>
            </message>
            <full-stacktrace>
              <![CDATA[java.lang.NullPointerException: Cannot invoke "AutomationProject.pageobjects.LandingPage.goTo()" because "this.landingpage" is null
at AutomationProject.StepDefinitions.StepDefinitionImp.I_launch_the_saucedemo_application(StepDefinitionImp.java:32)
at ✽.I launch the saucedemo application(file:///C:/Users/ADMIN/eclipse-workspace4/JavaSeleniumFramework/src/test/java/features/ErrorValidation.feature:6)
]]>
            </full-stacktrace>
          </exception> <!-- java.lang.NullPointerException -->
          <reporter-output>
          </reporter-output>
        </test-method> <!-- runScenario -->
        <test-method signature="runScenario(io.cucumber.testng.PickleWrapper,io.cucumber.testng.FeatureWrapper)[pri:0, instance:runner.TestngRunner@4bdeaabb]" started-at="2024-02-29T00:51:09 IST" name="runScenario" description="Runs Cucumber Scenarios" data-provider="scenarios" finished-at="2024-02-29T00:51:11 IST" duration-ms="1895" status="FAIL">
          <params>
            <param index="0">
              <value>
                <![CDATA["Invalid/lockedout login credentials"]]>
              </value>
            </param>
            <param index="1">
              <value>
                <![CDATA["Error validation in sauce demo ecommerce website"]]>
              </value>
            </param>
          </params>
          <exception class="java.lang.NullPointerException">
            <message>
              <![CDATA[Cannot invoke "AutomationProject.pageobjects.LandingPage.goTo()" because "this.landingpage" is null]]>
            </message>
            <full-stacktrace>
              <![CDATA[java.lang.NullPointerException: Cannot invoke "AutomationProject.pageobjects.LandingPage.goTo()" because "this.landingpage" is null
at AutomationProject.StepDefinitions.StepDefinitionImp.I_launch_the_saucedemo_application(StepDefinitionImp.java:32)
at ✽.I launch the saucedemo application(file:///C:/Users/ADMIN/eclipse-workspace4/JavaSeleniumFramework/src/test/java/features/ErrorValidation.feature:6)
]]>
            </full-stacktrace>
          </exception> <!-- java.lang.NullPointerException -->
          <reporter-output>
          </reporter-output>
        </test-method> <!-- runScenario -->
        <test-method signature="runScenario(io.cucumber.testng.PickleWrapper,io.cucumber.testng.FeatureWrapper)[pri:0, instance:runner.TestngRunner@4bdeaabb]" started-at="2024-02-29T00:51:11 IST" name="runScenario" description="Runs Cucumber Scenarios" data-provider="scenarios" finished-at="2024-02-29T00:51:13 IST" duration-ms="1832" status="FAIL">
          <params>
            <param index="0">
              <value>
                <![CDATA["Add an item to the cart and Submit the Order"]]>
              </value>
            </param>
            <param index="1">
              <value>
                <![CDATA["Purchase the order from sauce demo ecommerce website"]]>
              </value>
            </param>
          </params>
          <exception class="java.lang.NullPointerException">
            <message>
              <![CDATA[Cannot invoke "AutomationProject.pageobjects.LandingPage.goTo()" because "this.landingpage" is null]]>
            </message>
            <full-stacktrace>
              <![CDATA[java.lang.NullPointerException: Cannot invoke "AutomationProject.pageobjects.LandingPage.goTo()" because "this.landingpage" is null
at AutomationProject.StepDefinitions.StepDefinitionImp.I_launch_the_saucedemo_application(StepDefinitionImp.java:32)
at ✽.I launch the saucedemo application(file:///C:/Users/ADMIN/eclipse-workspace4/JavaSeleniumFramework/src/test/java/features/SubmitOrder.feature:5)
]]>
            </full-stacktrace>
          </exception> <!-- java.lang.NullPointerException -->
          <reporter-output>
          </reporter-output>
        </test-method> <!-- runScenario -->
        <test-method is-config="true" signature="tearDownClass()[pri:0, instance:runner.TestngRunner@4bdeaabb]" started-at="2024-02-29T00:51:13 IST" name="tearDownClass" finished-at="2024-02-29T00:51:13 IST" duration-ms="76" status="PASS">
          <reporter-output>
          </reporter-output>
        </test-method> <!-- tearDownClass -->
      </class> <!-- runner.TestngRunner -->
    </test> <!-- Submit Order Test -->
  </suite> <!-- Suite -->
</testng-results>
